2020-Jul-25 00:14:15.596448 INFO [daemon] lxcoin v0.1.3.1.0.3()
2020-Jul-25 00:14:15.596859 INFO [daemon] Module folder: ./lxCoind
2020-Jul-25 00:14:15.597571 ERROR [checkpoints] WRONG HASH IN CHECKPOINTS!!!
2020-Jul-25 00:14:15.603544 INFO [daemon] Initializing p2p server...
2020-Jul-25 00:14:15.603969 INFO [node_server] Binding on 0.0.0.0:17236
2020-Jul-25 00:14:15.604154 INFO [node_server] Net service binded on 0.0.0.0:17236
2020-Jul-25 00:14:15.604267 INFO [node_server] Attempting to add IGD port mapping.
2020-Jul-25 00:14:19.610593 INFO [node_server] No IGD was found.
2020-Jul-25 00:14:19.610839 INFO [daemon] P2p server initialized OK
2020-Jul-25 00:14:19.610951 INFO [daemon] Initializing core...
2020-Jul-25 00:14:19.611407 INFO [Blockchain] Blockchain not loaded, generating genesis block.
2020-Jul-25 00:14:19.669015 INFO [Blockchain] Blockchain initialized. last block: 0, d927.h15.m40.s34 time ago, current difficulty: 1
2020-Jul-25 00:14:19.669109 INFO [daemon] Core initialized OK
2020-Jul-25 00:14:19.669201 INFO [daemon] Starting core rpc server on address 127.0.0.1:18236
2020-Jul-25 00:14:19.669278 INFO [daemon] Core rpc server started ok
2020-Jul-25 00:14:19.669327 INFO [daemon] Starting p2p net loop...
2020-Jul-25 00:14:19.669369 INFO [node_server] Starting node_server
2020-Jul-25 00:14:31.981721 INFO [core] 
2020-Jul-25 00:14:31.981721 INFO [core] **********************************************************************
2020-Jul-25 00:14:31.981721 INFO [core] The daemon will start synchronizing with the network. It may take up to several hours.
2020-Jul-25 00:14:31.981721 INFO [core] 
2020-Jul-25 00:14:31.981721 INFO [core] You can set the level of process detailization* through "set_log <level>" command*, where <level> is between 0 (no details) and 4 (very verbose).
2020-Jul-25 00:14:31.981721 INFO [core] 
2020-Jul-25 00:14:31.981721 INFO [core] Use "help" command to see the list of available commands.
2020-Jul-25 00:14:31.981721 INFO [core] 
2020-Jul-25 00:14:31.981721 INFO [core] Note: in case you need to interrupt the process, use "exit" command. Otherwise, the current progress won't be saved.
2020-Jul-25 00:14:31.981721 INFO [core] **********************************************************************
2020-Jul-25 00:15:23.311674 ERROR [node_server] Failed to connect to any of seed peers, continuing without seeds
2020-Jul-25 00:15:31.869421 ERROR [node_server] Failed to connect to any of seed peers, continuing without seeds
2020-Jul-25 00:15:34.263308 INFO [node_server] Stop signal sent
2020-Jul-25 00:15:34.263462 INFO [node_server] Stopping NodeServer and it's0 connections...
2020-Jul-25 00:15:38.640391 ERROR [node_server] Failed to connect to any of seed peers, continuing without seeds
2020-Jul-25 00:15:39.640688 INFO [node_server] NodeServer loop stopped
2020-Jul-25 00:15:39.640762 INFO [daemon] p2p net loop stopped
2020-Jul-25 00:15:39.640786 INFO [daemon] Stopping core rpc server...
2020-Jul-25 00:15:39.640837 INFO [daemon] Deinitializing core...
2020-Jul-25 00:15:39.640860 INFO [miner] Mining has been stopped, 0 finished
2020-Jul-25 00:15:39.640950 INFO [Blockchain] Saving blockchain...
2020-Jul-25 00:15:39.640993 INFO [BlockCacheSerializer] - saving block index...
2020-Jul-25 00:15:39.641018 INFO [BlockCacheSerializer] - saving transaction map...
2020-Jul-25 00:15:39.641039 INFO [BlockCacheSerializer] - saving spent keys...
2020-Jul-25 00:15:39.641059 INFO [BlockCacheSerializer] - saving outputs...
2020-Jul-25 00:15:39.641079 INFO [BlockCacheSerializer] - saving multi-signature outputs...
2020-Jul-25 00:15:39.641099 INFO [BlockCacheSerializer] - saving deposit index...
2020-Jul-25 00:15:39.641119 INFO [BlockCacheSerializer] Serialization time: 0ms
2020-Jul-25 00:15:39.641144 INFO [Blockchain] Saving blockchain indices...
2020-Jul-25 00:15:39.641213 INFO [BlockchainIndicesSerializer] - saving paymentID index...
2020-Jul-25 00:15:39.641237 INFO [BlockchainIndicesSerializer] - saving timestamp index...
2020-Jul-25 00:15:39.641261 INFO [BlockchainIndicesSerializer] - saving generated transactions index...
2020-Jul-25 00:15:39.641291 INFO [daemon] Deinitializing p2p...
2020-Jul-25 00:15:39.641382 INFO [miner] Mining has been stopped, 0 finished
2020-Jul-25 00:15:39.641459 INFO [daemon] Node stopped.
2020-Jul-25 00:59:28.926197 INFO [daemon] lxcoin v0.1.3.1.0.3()
2020-Jul-25 00:59:28.926294 INFO [daemon] Module folder: ./lxCoind
2020-Jul-25 00:59:28.926590 ERROR [checkpoints] WRONG HASH IN CHECKPOINTS!!!
2020-Jul-25 00:59:28.926652 INFO [daemon] Initializing p2p server...
2020-Jul-25 00:59:28.926731 INFO [node_server] Binding on 0.0.0.0:17236
2020-Jul-25 00:59:28.926772 INFO [node_server] Net service binded on 0.0.0.0:17236
2020-Jul-25 00:59:28.926795 INFO [node_server] Attempting to add IGD port mapping.
2020-Jul-25 00:59:32.933069 INFO [node_server] No IGD was found.
2020-Jul-25 00:59:32.933154 INFO [daemon] P2p server initialized OK
2020-Jul-25 00:59:32.933178 INFO [daemon] Initializing core...
2020-Jul-25 00:59:32.933244 INFO [Blockchain] Loading blockchain...
2020-Jul-25 00:59:32.933306 INFO [BlockCacheSerializer] - loading block index...
2020-Jul-25 00:59:32.933330 INFO [BlockCacheSerializer] - loading transaction map...
2020-Jul-25 00:59:32.933350 INFO [BlockCacheSerializer] - loading spent keys...
2020-Jul-25 00:59:32.933367 INFO [BlockCacheSerializer] - loading outputs...
2020-Jul-25 00:59:32.933386 INFO [BlockCacheSerializer] - loading multi-signature outputs...
2020-Jul-25 00:59:32.933404 INFO [BlockCacheSerializer] - loading deposit index...
2020-Jul-25 00:59:32.933421 INFO [BlockCacheSerializer] Serialization time: 0ms
2020-Jul-25 00:59:32.933443 INFO [Blockchain] Loading blockchain indices for BlockchainExplorer...
2020-Jul-25 00:59:32.933475 INFO [BlockchainIndicesSerializer] - loading paymentID index...
2020-Jul-25 00:59:32.933496 INFO [BlockchainIndicesSerializer] - loading timestamp index...
2020-Jul-25 00:59:32.933513 INFO [BlockchainIndicesSerializer] - loading generated transactions index...
2020-Jul-25 00:59:32.933544 INFO [Blockchain] Blockchain initialized. last block: 0, d927.h16.m25.s47 time ago, current difficulty: 1
2020-Jul-25 00:59:32.933568 INFO [daemon] Core initialized OK
2020-Jul-25 00:59:32.933712 INFO [daemon] Starting core rpc server on address 127.0.0.1:18236
2020-Jul-25 00:59:32.933778 INFO [daemon] Core rpc server started ok
2020-Jul-25 00:59:32.933802 INFO [daemon] Starting p2p net loop...
2020-Jul-25 00:59:32.933821 INFO [node_server] Starting node_server
2020-Jul-25 00:59:55.273323 INFO [protocol] 
2020-Jul-25 00:59:55.273323 INFO [protocol] **********************************************************************
2020-Jul-25 00:59:55.273323 INFO [protocol] You are now synchronized with the network. You may now start simplewallet.
2020-Jul-25 00:59:55.273323 INFO [protocol] 
2020-Jul-25 00:59:55.273323 INFO [protocol] Please note, that the blockchain will be saved only after you quit the daemon with "exit" command or if you use "save" command.
2020-Jul-25 00:59:55.273323 INFO [protocol] Otherwise, you will possibly need to synchronize the blockchain again.
2020-Jul-25 00:59:55.273323 INFO [protocol] 
2020-Jul-25 00:59:55.273323 INFO [protocol] Use "help" command to see the list of available commands.
2020-Jul-25 00:59:55.273323 INFO [protocol] **********************************************************************
2020-Jul-25 01:00:05.331319 INFO [core] 
2020-Jul-25 01:00:05.331319 INFO [core] **********************************************************************
2020-Jul-25 01:00:05.331319 INFO [core] The daemon will start synchronizing with the network. It may take up to several hours.
2020-Jul-25 01:00:05.331319 INFO [core] 
2020-Jul-25 01:00:05.331319 INFO [core] You can set the level of process detailization* through "set_log <level>" command*, where <level> is between 0 (no details) and 4 (very verbose).
2020-Jul-25 01:00:05.331319 INFO [core] 
2020-Jul-25 01:00:05.331319 INFO [core] Use "help" command to see the list of available commands.
2020-Jul-25 01:00:05.331319 INFO [core] 
2020-Jul-25 01:00:05.331319 INFO [core] Note: in case you need to interrupt the process, use "exit" command. Otherwise, the current progress won't be saved.
2020-Jul-25 01:00:05.331319 INFO [core] **********************************************************************
